<?xml version="1.0" encoding="UTF-8"?>
<testsuite xmlns:xsi="http://www.w3.org/2001/XMLSchema-instance" xsi:noNamespaceSchemaLocation="https://maven.apache.org/surefire/maven-surefire-plugin/xsd/surefire-test-report.xsd" name="TestSuite" time="8.085" tests="90" errors="0" skipped="87" failures="3">
  <properties>
    <property name="sun.desktop" value="windows"/>
    <property name="awt.toolkit" value="sun.awt.windows.WToolkit"/>
    <property name="file.encoding.pkg" value="sun.io"/>
    <property name="java.specification.version" value="1.8"/>
    <property name="sun.cpu.isalist" value="amd64"/>
    <property name="sun.jnu.encoding" value="Cp1252"/>
    <property name="java.class.path" value="C:\Users\sasik\eclipse-workspace\TestNg16_10_projct\target\test-classes;C:\Users\sasik\eclipse-workspace\TestNg16_10_projct\target\classes;C:\Users\sasik\.m2\repository\org\seleniumhq\selenium\selenium-server\3.141.59\selenium-server-3.141.59.jar;C:\Users\sasik\.m2\repository\org\seleniumhq\selenium\selenium-java\3.141.59\selenium-java-3.141.59.jar;C:\Users\sasik\.m2\repository\org\seleniumhq\selenium\selenium-api\3.141.59\selenium-api-3.141.59.jar;C:\Users\sasik\.m2\repository\org\seleniumhq\selenium\selenium-chrome-driver\3.141.59\selenium-chrome-driver-3.141.59.jar;C:\Users\sasik\.m2\repository\org\seleniumhq\selenium\selenium-edge-driver\3.141.59\selenium-edge-driver-3.141.59.jar;C:\Users\sasik\.m2\repository\org\seleniumhq\selenium\selenium-firefox-driver\3.141.59\selenium-firefox-driver-3.141.59.jar;C:\Users\sasik\.m2\repository\org\seleniumhq\selenium\selenium-ie-driver\3.141.59\selenium-ie-driver-3.141.59.jar;C:\Users\sasik\.m2\repository\org\seleniumhq\selenium\selenium-opera-driver\3.141.59\selenium-opera-driver-3.141.59.jar;C:\Users\sasik\.m2\repository\org\seleniumhq\selenium\selenium-remote-driver\3.141.59\selenium-remote-driver-3.141.59.jar;C:\Users\sasik\.m2\repository\org\seleniumhq\selenium\selenium-safari-driver\3.141.59\selenium-safari-driver-3.141.59.jar;C:\Users\sasik\.m2\repository\org\seleniumhq\selenium\selenium-support\3.141.59\selenium-support-3.141.59.jar;C:\Users\sasik\.m2\repository\com\beust\jcommander\1.72\jcommander-1.72.jar;C:\Users\sasik\.m2\repository\net\bytebuddy\byte-buddy\1.8.15\byte-buddy-1.8.15.jar;C:\Users\sasik\.m2\repository\org\apache\commons\commons-exec\1.3\commons-exec-1.3.jar;C:\Users\sasik\.m2\repository\com\google\guava\guava\25.0-jre\guava-25.0-jre.jar;C:\Users\sasik\.m2\repository\com\google\code\findbugs\jsr305\1.3.9\jsr305-1.3.9.jar;C:\Users\sasik\.m2\repository\org\checkerframework\checker-compat-qual\2.0.0\checker-compat-qual-2.0.0.jar;C:\Users\sasik\.m2\repository\com\google\errorprone\error_prone_annotations\2.1.3\error_prone_annotations-2.1.3.jar;C:\Users\sasik\.m2\repository\com\google\j2objc\j2objc-annotations\1.1\j2objc-annotations-1.1.jar;C:\Users\sasik\.m2\repository\org\codehaus\mojo\animal-sniffer-annotations\1.14\animal-sniffer-annotations-1.14.jar;C:\Users\sasik\.m2\repository\net\jcip\jcip-annotations\1.0\jcip-annotations-1.0.jar;C:\Users\sasik\.m2\repository\org\seleniumhq\selenium\jetty-repacked\9.4.12.v20180830\jetty-repacked-9.4.12.v20180830.jar;C:\Users\sasik\.m2\repository\com\squareup\okhttp3\okhttp\3.11.0\okhttp-3.11.0.jar;C:\Users\sasik\.m2\repository\com\squareup\okio\okio\1.14.0\okio-1.14.0.jar;C:\Users\sasik\.m2\repository\javax\servlet\javax.servlet-api\3.1.0\javax.servlet-api-3.1.0.jar;C:\Users\sasik\.m2\repository\org\yaml\snakeyaml\1.19\snakeyaml-1.19.jar;C:\Users\sasik\.m2\repository\org\testng\testng\6.14.3\testng-6.14.3.jar;C:\Users\sasik\.m2\repository\org\apache-extras\beanshell\bsh\2.0b6\bsh-2.0b6.jar;C:\Users\sasik\.m2\repository\io\github\bonigarcia\webdrivermanager\5.5.3\webdrivermanager-5.5.3.jar;C:\Users\sasik\.m2\repository\org\slf4j\slf4j-api\2.0.7\slf4j-api-2.0.7.jar;C:\Users\sasik\.m2\repository\com\google\code\gson\gson\2.10.1\gson-2.10.1.jar;C:\Users\sasik\.m2\repository\com\github\docker-java\docker-java\3.3.3\docker-java-3.3.3.jar;C:\Users\sasik\.m2\repository\com\github\docker-java\docker-java-core\3.3.3\docker-java-core-3.3.3.jar;C:\Users\sasik\.m2\repository\com\github\docker-java\docker-java-api\3.3.3\docker-java-api-3.3.3.jar;C:\Users\sasik\.m2\repository\com\fasterxml\jackson\core\jackson-annotations\2.10.3\jackson-annotations-2.10.3.jar;C:\Users\sasik\.m2\repository\commons-io\commons-io\2.6\commons-io-2.6.jar;C:\Users\sasik\.m2\repository\org\apache\commons\commons-compress\1.21\commons-compress-1.21.jar;C:\Users\sasik\.m2\repository\com\fasterxml\jackson\core\jackson-databind\2.10.3\jackson-databind-2.10.3.jar;C:\Users\sasik\.m2\repository\com\fasterxml\jackson\core\jackson-core\2.10.3\jackson-core-2.10.3.jar;C:\Users\sasik\.m2\repository\org\bouncycastle\bcpkix-jdk18on\1.75\bcpkix-jdk18on-1.75.jar;C:\Users\sasik\.m2\repository\org\bouncycastle\bcprov-jdk18on\1.75\bcprov-jdk18on-1.75.jar;C:\Users\sasik\.m2\repository\org\bouncycastle\bcutil-jdk18on\1.75\bcutil-jdk18on-1.75.jar;C:\Users\sasik\.m2\repository\org\slf4j\jcl-over-slf4j\1.7.30\jcl-over-slf4j-1.7.30.jar;C:\Users\sasik\.m2\repository\com\github\docker-java\docker-java-transport-httpclient5\3.3.3\docker-java-transport-httpclient5-3.3.3.jar;C:\Users\sasik\.m2\repository\com\github\docker-java\docker-java-transport\3.3.3\docker-java-transport-3.3.3.jar;C:\Users\sasik\.m2\repository\net\java\dev\jna\jna\5.12.1\jna-5.12.1.jar;C:\Users\sasik\.m2\repository\org\brotli\dec\0.1.2\dec-0.1.2.jar;C:\Users\sasik\.m2\repository\org\apache\commons\commons-lang3\3.13.0\commons-lang3-3.13.0.jar;C:\Users\sasik\.m2\repository\org\apache\httpcomponents\client5\httpclient5\5.2.1\httpclient5-5.2.1.jar;C:\Users\sasik\.m2\repository\org\apache\httpcomponents\core5\httpcore5\5.2\httpcore5-5.2.jar;C:\Users\sasik\.m2\repository\org\apache\httpcomponents\core5\httpcore5-h2\5.2\httpcore5-h2-5.2.jar;C:\Users\sasik\.m2\repository\org\apache\poi\poi-ooxml\3.8\poi-ooxml-3.8.jar;C:\Users\sasik\.m2\repository\org\apache\poi\poi\3.8\poi-3.8.jar;C:\Users\sasik\.m2\repository\commons-codec\commons-codec\1.5\commons-codec-1.5.jar;C:\Users\sasik\.m2\repository\org\apache\poi\poi-ooxml-schemas\3.8\poi-ooxml-schemas-3.8.jar;C:\Users\sasik\.m2\repository\org\apache\xmlbeans\xmlbeans\2.3.0\xmlbeans-2.3.0.jar;C:\Users\sasik\.m2\repository\stax\stax-api\1.0.1\stax-api-1.0.1.jar;C:\Users\sasik\.m2\repository\dom4j\dom4j\1.6.1\dom4j-1.6.1.jar;C:\Users\sasik\.m2\repository\xml-apis\xml-apis\1.0.b2\xml-apis-1.0.b2.jar;C:\Users\sasik\.m2\repository\org\apache\logging\log4j\log4j-core\2.24.3\log4j-core-2.24.3.jar;C:\Users\sasik\.m2\repository\org\apache\logging\log4j\log4j-api\2.24.3\log4j-api-2.24.3.jar;"/>
    <property name="java.vm.vendor" value="Oracle Corporation"/>
    <property name="sun.arch.data.model" value="64"/>
    <property name="user.variant" value=""/>
    <property name="java.vendor.url" value="http://java.oracle.com/"/>
    <property name="user.timezone" value="Asia/Calcutta"/>
    <property name="java.vm.specification.version" value="1.8"/>
    <property name="os.name" value="Windows 10"/>
    <property name="user.country" value="IN"/>
    <property name="sun.java.launcher" value="SUN_STANDARD"/>
    <property name="sun.boot.library.path" value="C:\Program Files\Java\jdk1.8.0_202\jre\bin"/>
    <property name="sun.java.command" value="C:\Users\sasik\AppData\Local\Temp\surefire1217940418062166491\surefirebooter7166687499282506649.jar C:\Users\sasik\AppData\Local\Temp\surefire1217940418062166491 2025-02-05T12-41-20_040-jvmRun1 surefire1562428957491004005tmp surefire_02746729565829262091tmp"/>
    <property name="surefire.test.class.path" value="C:\Users\sasik\eclipse-workspace\TestNg16_10_projct\target\test-classes;C:\Users\sasik\eclipse-workspace\TestNg16_10_projct\target\classes;C:\Users\sasik\.m2\repository\org\seleniumhq\selenium\selenium-server\3.141.59\selenium-server-3.141.59.jar;C:\Users\sasik\.m2\repository\org\seleniumhq\selenium\selenium-java\3.141.59\selenium-java-3.141.59.jar;C:\Users\sasik\.m2\repository\org\seleniumhq\selenium\selenium-api\3.141.59\selenium-api-3.141.59.jar;C:\Users\sasik\.m2\repository\org\seleniumhq\selenium\selenium-chrome-driver\3.141.59\selenium-chrome-driver-3.141.59.jar;C:\Users\sasik\.m2\repository\org\seleniumhq\selenium\selenium-edge-driver\3.141.59\selenium-edge-driver-3.141.59.jar;C:\Users\sasik\.m2\repository\org\seleniumhq\selenium\selenium-firefox-driver\3.141.59\selenium-firefox-driver-3.141.59.jar;C:\Users\sasik\.m2\repository\org\seleniumhq\selenium\selenium-ie-driver\3.141.59\selenium-ie-driver-3.141.59.jar;C:\Users\sasik\.m2\repository\org\seleniumhq\selenium\selenium-opera-driver\3.141.59\selenium-opera-driver-3.141.59.jar;C:\Users\sasik\.m2\repository\org\seleniumhq\selenium\selenium-remote-driver\3.141.59\selenium-remote-driver-3.141.59.jar;C:\Users\sasik\.m2\repository\org\seleniumhq\selenium\selenium-safari-driver\3.141.59\selenium-safari-driver-3.141.59.jar;C:\Users\sasik\.m2\repository\org\seleniumhq\selenium\selenium-support\3.141.59\selenium-support-3.141.59.jar;C:\Users\sasik\.m2\repository\com\beust\jcommander\1.72\jcommander-1.72.jar;C:\Users\sasik\.m2\repository\net\bytebuddy\byte-buddy\1.8.15\byte-buddy-1.8.15.jar;C:\Users\sasik\.m2\repository\org\apache\commons\commons-exec\1.3\commons-exec-1.3.jar;C:\Users\sasik\.m2\repository\com\google\guava\guava\25.0-jre\guava-25.0-jre.jar;C:\Users\sasik\.m2\repository\com\google\code\findbugs\jsr305\1.3.9\jsr305-1.3.9.jar;C:\Users\sasik\.m2\repository\org\checkerframework\checker-compat-qual\2.0.0\checker-compat-qual-2.0.0.jar;C:\Users\sasik\.m2\repository\com\google\errorprone\error_prone_annotations\2.1.3\error_prone_annotations-2.1.3.jar;C:\Users\sasik\.m2\repository\com\google\j2objc\j2objc-annotations\1.1\j2objc-annotations-1.1.jar;C:\Users\sasik\.m2\repository\org\codehaus\mojo\animal-sniffer-annotations\1.14\animal-sniffer-annotations-1.14.jar;C:\Users\sasik\.m2\repository\net\jcip\jcip-annotations\1.0\jcip-annotations-1.0.jar;C:\Users\sasik\.m2\repository\org\seleniumhq\selenium\jetty-repacked\9.4.12.v20180830\jetty-repacked-9.4.12.v20180830.jar;C:\Users\sasik\.m2\repository\com\squareup\okhttp3\okhttp\3.11.0\okhttp-3.11.0.jar;C:\Users\sasik\.m2\repository\com\squareup\okio\okio\1.14.0\okio-1.14.0.jar;C:\Users\sasik\.m2\repository\javax\servlet\javax.servlet-api\3.1.0\javax.servlet-api-3.1.0.jar;C:\Users\sasik\.m2\repository\org\yaml\snakeyaml\1.19\snakeyaml-1.19.jar;C:\Users\sasik\.m2\repository\org\testng\testng\6.14.3\testng-6.14.3.jar;C:\Users\sasik\.m2\repository\org\apache-extras\beanshell\bsh\2.0b6\bsh-2.0b6.jar;C:\Users\sasik\.m2\repository\io\github\bonigarcia\webdrivermanager\5.5.3\webdrivermanager-5.5.3.jar;C:\Users\sasik\.m2\repository\org\slf4j\slf4j-api\2.0.7\slf4j-api-2.0.7.jar;C:\Users\sasik\.m2\repository\com\google\code\gson\gson\2.10.1\gson-2.10.1.jar;C:\Users\sasik\.m2\repository\com\github\docker-java\docker-java\3.3.3\docker-java-3.3.3.jar;C:\Users\sasik\.m2\repository\com\github\docker-java\docker-java-core\3.3.3\docker-java-core-3.3.3.jar;C:\Users\sasik\.m2\repository\com\github\docker-java\docker-java-api\3.3.3\docker-java-api-3.3.3.jar;C:\Users\sasik\.m2\repository\com\fasterxml\jackson\core\jackson-annotations\2.10.3\jackson-annotations-2.10.3.jar;C:\Users\sasik\.m2\repository\commons-io\commons-io\2.6\commons-io-2.6.jar;C:\Users\sasik\.m2\repository\org\apache\commons\commons-compress\1.21\commons-compress-1.21.jar;C:\Users\sasik\.m2\repository\com\fasterxml\jackson\core\jackson-databind\2.10.3\jackson-databind-2.10.3.jar;C:\Users\sasik\.m2\repository\com\fasterxml\jackson\core\jackson-core\2.10.3\jackson-core-2.10.3.jar;C:\Users\sasik\.m2\repository\org\bouncycastle\bcpkix-jdk18on\1.75\bcpkix-jdk18on-1.75.jar;C:\Users\sasik\.m2\repository\org\bouncycastle\bcprov-jdk18on\1.75\bcprov-jdk18on-1.75.jar;C:\Users\sasik\.m2\repository\org\bouncycastle\bcutil-jdk18on\1.75\bcutil-jdk18on-1.75.jar;C:\Users\sasik\.m2\repository\org\slf4j\jcl-over-slf4j\1.7.30\jcl-over-slf4j-1.7.30.jar;C:\Users\sasik\.m2\repository\com\github\docker-java\docker-java-transport-httpclient5\3.3.3\docker-java-transport-httpclient5-3.3.3.jar;C:\Users\sasik\.m2\repository\com\github\docker-java\docker-java-transport\3.3.3\docker-java-transport-3.3.3.jar;C:\Users\sasik\.m2\repository\net\java\dev\jna\jna\5.12.1\jna-5.12.1.jar;C:\Users\sasik\.m2\repository\org\brotli\dec\0.1.2\dec-0.1.2.jar;C:\Users\sasik\.m2\repository\org\apache\commons\commons-lang3\3.13.0\commons-lang3-3.13.0.jar;C:\Users\sasik\.m2\repository\org\apache\httpcomponents\client5\httpclient5\5.2.1\httpclient5-5.2.1.jar;C:\Users\sasik\.m2\repository\org\apache\httpcomponents\core5\httpcore5\5.2\httpcore5-5.2.jar;C:\Users\sasik\.m2\repository\org\apache\httpcomponents\core5\httpcore5-h2\5.2\httpcore5-h2-5.2.jar;C:\Users\sasik\.m2\repository\org\apache\poi\poi-ooxml\3.8\poi-ooxml-3.8.jar;C:\Users\sasik\.m2\repository\org\apache\poi\poi\3.8\poi-3.8.jar;C:\Users\sasik\.m2\repository\commons-codec\commons-codec\1.5\commons-codec-1.5.jar;C:\Users\sasik\.m2\repository\org\apache\poi\poi-ooxml-schemas\3.8\poi-ooxml-schemas-3.8.jar;C:\Users\sasik\.m2\repository\org\apache\xmlbeans\xmlbeans\2.3.0\xmlbeans-2.3.0.jar;C:\Users\sasik\.m2\repository\stax\stax-api\1.0.1\stax-api-1.0.1.jar;C:\Users\sasik\.m2\repository\dom4j\dom4j\1.6.1\dom4j-1.6.1.jar;C:\Users\sasik\.m2\repository\xml-apis\xml-apis\1.0.b2\xml-apis-1.0.b2.jar;C:\Users\sasik\.m2\repository\org\apache\logging\log4j\log4j-core\2.24.3\log4j-core-2.24.3.jar;C:\Users\sasik\.m2\repository\org\apache\logging\log4j\log4j-api\2.24.3\log4j-api-2.24.3.jar;"/>
    <property name="sun.cpu.endian" value="little"/>
    <property name="user.home" value="C:\Users\sasik"/>
    <property name="user.language" value="en"/>
    <property name="java.specification.vendor" value="Oracle Corporation"/>
    <property name="java.home" value="C:\Program Files\Java\jdk1.8.0_202\jre"/>
    <property name="basedir" value="C:\Users\sasik\eclipse-workspace\TestNg16_10_projct"/>
    <property name="file.separator" value="\"/>
    <property name="line.separator" value="&#10;"/>
    <property name="java.vm.specification.vendor" value="Oracle Corporation"/>
    <property name="java.specification.name" value="Java Platform API Specification"/>
    <property name="java.awt.graphicsenv" value="sun.awt.Win32GraphicsEnvironment"/>
    <property name="surefire.real.class.path" value="C:\Users\sasik\AppData\Local\Temp\surefire1217940418062166491\surefirebooter7166687499282506649.jar"/>
    <property name="sun.boot.class.path" value="C:\Program Files\Java\jdk1.8.0_202\jre\lib\resources.jar;C:\Program Files\Java\jdk1.8.0_202\jre\lib\rt.jar;C:\Program Files\Java\jdk1.8.0_202\jre\lib\sunrsasign.jar;C:\Program Files\Java\jdk1.8.0_202\jre\lib\jsse.jar;C:\Program Files\Java\jdk1.8.0_202\jre\lib\jce.jar;C:\Program Files\Java\jdk1.8.0_202\jre\lib\charsets.jar;C:\Program Files\Java\jdk1.8.0_202\jre\lib\jfr.jar;C:\Program Files\Java\jdk1.8.0_202\jre\classes"/>
    <property name="user.script" value=""/>
    <property name="sun.management.compiler" value="HotSpot 64-Bit Tiered Compilers"/>
    <property name="java.runtime.version" value="1.8.0_202-b08"/>
    <property name="user.name" value="sasik"/>
    <property name="path.separator" value=";"/>
    <property name="os.version" value="10.0"/>
    <property name="java.endorsed.dirs" value="C:\Program Files\Java\jdk1.8.0_202\jre\lib\endorsed"/>
    <property name="java.runtime.name" value="Java(TM) SE Runtime Environment"/>
    <property name="file.encoding" value="Cp1252"/>
    <property name="java.vm.name" value="Java HotSpot(TM) 64-Bit Server VM"/>
    <property name="localRepository" value="C:\Users\sasik\.m2\repository"/>
    <property name="java.vendor.url.bug" value="http://bugreport.sun.com/bugreport/"/>
    <property name="java.io.tmpdir" value="C:\Users\sasik\AppData\Local\Temp\"/>
    <property name="java.version" value="1.8.0_202"/>
    <property name="user.dir" value="C:\Users\sasik\eclipse-workspace\TestNg16_10_projct"/>
    <property name="os.arch" value="amd64"/>
    <property name="java.vm.specification.name" value="Java Virtual Machine Specification"/>
    <property name="java.awt.printerjob" value="sun.awt.windows.WPrinterJob"/>
    <property name="sun.os.patch.level" value=""/>
    <property name="java.library.path" value="C:\Program Files\Java\jdk1.8.0_202\jre\bin;C:\WINDOWS\Sun\Java\bin;C:\WINDOWS\system32;C:\WINDOWS;C:/Program Files/Java/jre1.8.0_202/bin/server;C:/Program Files/Java/jre1.8.0_202/bin;C:/Program Files/Java/jre1.8.0_202/lib/amd64;C:\Program Files\Common Files\Oracle\Java\javapath;C:\oraclexe\app\oracle\product\10.2.0\server\bin;C:\Program Files\Java\jdk-11\bin;C:\Program Files (x86)\Common Files\Oracle\Java\javapath;C:\WINDOWS\system32;C:\WINDOWS;C:\WINDOWS\System32\Wbem;C:\WINDOWS\System32\WindowsPowerShell\v1.0\;C:\WINDOWS\System32\OpenSSH\;C:\Program Files\dotnet\;C:\Program Files\Java\jdk-11\bin;C:\Users\sasik\Downloads\apache-maven-3.9.9-bin\apache-maven-3.9.9\bin;C:\Program Files\Git\cmd;C:\Users\sasik\AppData\Local\Microsoft\WindowsApps;;C:\Users\sasik\Downloads\eclipse-committers-oxygen-3a-win32-x86_64\eclipse;;."/>
    <property name="java.vm.info" value="mixed mode"/>
    <property name="java.vendor" value="Oracle Corporation"/>
    <property name="java.vm.version" value="25.202-b08"/>
    <property name="java.ext.dirs" value="C:\Program Files\Java\jdk1.8.0_202\jre\lib\ext;C:\WINDOWS\Sun\Java\lib\ext"/>
    <property name="sun.io.unicode.encoding" value="UnicodeLittle"/>
    <property name="java.class.version" value="52.0"/>
  </properties>
  <testcase name="beforClass" classname="org.demoproj.OmayoRight" time="3.7">
    <failure message="C:\Users\sasik\eclipse-workspace\TestNg16_10_projct\src	est\resources\Excelfile\Book1.xlsx (The filename, directory name, or volume label syntax is incorrect)" type="java.io.FileNotFoundException">java.io.FileNotFoundException: C:\Users\sasik\eclipse-workspace\TestNg16_10_projct\src	est\resources\Excelfile\Book1.xlsx (The filename, directory name, or volume label syntax is incorrect)
	at org.demoproj.OmayoRight.beforClass(OmayoRight.java:17)
</failure>
    <system-err><![CDATA[SLF4J: No SLF4J providers were found.
SLF4J: Defaulting to no-operation (NOP) logger implementation
SLF4J: See https://www.slf4j.org/codes.html#noProviders for further details.
Starting ChromeDriver 132.0.6834.159 (2d77d3fc4452661469b78f115e0aed4d71269739-refs/branch-heads/6834@{#4408}) on port 3597
Only local connections are allowed.
Please see https://chromedriver.chromium.org/security-considerations for suggestions on keeping ChromeDriver safe.
ChromeDriver was started successfully on port 3597.
Feb 05, 2025 12:41:24 PM org.openqa.selenium.remote.ProtocolHandshake createSession
INFO: Detected dialect: W3C
]]></system-err>
  </testcase>
  <testcase name="beforeMethod" classname="org.demoproj.OmayoRight" time="0">
    <skipped/>
  </testcase>
  <testcase name="beforeMethod" classname="org.demoproj.OmayoRight" time="0">
    <skipped/>
  </testcase>
  <testcase name="beforeMethod" classname="org.demoproj.OmayoRight" time="0">
    <skipped/>
  </testcase>
  <testcase name="beforeMethod" classname="org.demoproj.OmayoRight" time="0">
    <skipped/>
  </testcase>
  <testcase name="beforeMethod" classname="org.demoproj.OmayoRight" time="0">
    <skipped/>
  </testcase>
  <testcase name="beforeMethod" classname="org.demoproj.OmayoRight" time="0">
    <skipped/>
  </testcase>
  <testcase name="beforeMethod" classname="org.demoproj.OmayoRight" time="0">
    <skipped/>
  </testcase>
  <testcase name="beforeMethod" classname="org.demoproj.OmayoRight" time="0">
    <skipped/>
  </testcase>
  <testcase name="beforeMethod" classname="org.demoproj.OmayoRight" time="0">
    <skipped/>
  </testcase>
  <testcase name="beforeMethod" classname="org.demoproj.OmayoRight" time="0">
    <skipped/>
  </testcase>
  <testcase name="Test1" classname="org.demoproj.OmayoRight" time="0">
    <skipped message="C:\Users\sasik\eclipse-workspace\TestNg16_10_projct\src	est\resources\Excelfile\Book1.xlsx (The filename, directory name, or volume label syntax is incorrect)"/>
  </testcase>
  <testcase name="afterMethod" classname="org.demoproj.OmayoRight" time="0">
    <skipped/>
  </testcase>
  <testcase name="afterMethod" classname="org.demoproj.OmayoRight" time="0">
    <skipped/>
  </testcase>
  <testcase name="afterMethod" classname="org.demoproj.OmayoRight" time="0">
    <skipped/>
  </testcase>
  <testcase name="afterMethod" classname="org.demoproj.OmayoRight" time="0">
    <skipped/>
  </testcase>
  <testcase name="afterMethod" classname="org.demoproj.OmayoRight" time="0">
    <skipped/>
  </testcase>
  <testcase name="afterMethod" classname="org.demoproj.OmayoRight" time="0">
    <skipped/>
  </testcase>
  <testcase name="afterMethod" classname="org.demoproj.OmayoRight" time="0">
    <skipped/>
  </testcase>
  <testcase name="afterMethod" classname="org.demoproj.OmayoRight" time="0">
    <skipped/>
  </testcase>
  <testcase name="afterMethod" classname="org.demoproj.OmayoRight" time="0">
    <skipped/>
  </testcase>
  <testcase name="afterMethod" classname="org.demoproj.OmayoRight" time="0">
    <skipped/>
  </testcase>
  <testcase name="Test12" classname="org.demoproj.OmayoRight" time="0">
    <skipped message="C:\Users\sasik\eclipse-workspace\TestNg16_10_projct\src	est\resources\Excelfile\Book1.xlsx (The filename, directory name, or volume label syntax is incorrect)"/>
  </testcase>
  <testcase name="Test2" classname="org.demoproj.OmayoRight" time="0">
    <skipped message="C:\Users\sasik\eclipse-workspace\TestNg16_10_projct\src	est\resources\Excelfile\Book1.xlsx (The filename, directory name, or volume label syntax is incorrect)"/>
  </testcase>
  <testcase name="Test3" classname="org.demoproj.OmayoRight" time="0">
    <skipped message="C:\Users\sasik\eclipse-workspace\TestNg16_10_projct\src	est\resources\Excelfile\Book1.xlsx (The filename, directory name, or volume label syntax is incorrect)"/>
  </testcase>
  <testcase name="Test4" classname="org.demoproj.OmayoRight" time="0">
    <skipped message="C:\Users\sasik\eclipse-workspace\TestNg16_10_projct\src	est\resources\Excelfile\Book1.xlsx (The filename, directory name, or volume label syntax is incorrect)"/>
  </testcase>
  <testcase name="Test5" classname="org.demoproj.OmayoRight" time="0">
    <skipped message="C:\Users\sasik\eclipse-workspace\TestNg16_10_projct\src	est\resources\Excelfile\Book1.xlsx (The filename, directory name, or volume label syntax is incorrect)"/>
  </testcase>
  <testcase name="Test6" classname="org.demoproj.OmayoRight" time="0">
    <skipped message="C:\Users\sasik\eclipse-workspace\TestNg16_10_projct\src	est\resources\Excelfile\Book1.xlsx (The filename, directory name, or volume label syntax is incorrect)"/>
  </testcase>
  <testcase name="Test7" classname="org.demoproj.OmayoRight" time="0">
    <skipped message="C:\Users\sasik\eclipse-workspace\TestNg16_10_projct\src	est\resources\Excelfile\Book1.xlsx (The filename, directory name, or volume label syntax is incorrect)"/>
  </testcase>
  <testcase name="Test8" classname="org.demoproj.OmayoRight" time="0">
    <skipped message="C:\Users\sasik\eclipse-workspace\TestNg16_10_projct\src	est\resources\Excelfile\Book1.xlsx (The filename, directory name, or volume label syntax is incorrect)"/>
  </testcase>
  <testcase name="Test9" classname="org.demoproj.OmayoRight" time="0">
    <skipped message="C:\Users\sasik\eclipse-workspace\TestNg16_10_projct\src	est\resources\Excelfile\Book1.xlsx (The filename, directory name, or volume label syntax is incorrect)"/>
  </testcase>
  <testcase name="afterClass" classname="org.demoproj.OmayoRight" time="0">
    <skipped/>
  </testcase>
  <testcase name="beforeClass" classname="org.demoproj.OmayoCentre" time="5.646">
    <failure message="C:\Users\sasik\eclipse-workspace\TestNg16_10_projct\src	est\resources\Excelfile\Book1.xlsx (The filename, directory name, or volume label syntax is incorrect)" type="java.io.FileNotFoundException">java.io.FileNotFoundException: C:\Users\sasik\eclipse-workspace\TestNg16_10_projct\src	est\resources\Excelfile\Book1.xlsx (The filename, directory name, or volume label syntax is incorrect)
	at org.demoproj.OmayoCentre.beforeClass(OmayoCentre.java:17)
</failure>
    <system-err><![CDATA[Starting ChromeDriver 132.0.6834.159 (2d77d3fc4452661469b78f115e0aed4d71269739-refs/branch-heads/6834@{#4408}) on port 14175
Only local connections are allowed.
Please see https://chromedriver.chromium.org/security-considerations for suggestions on keeping ChromeDriver safe.
ChromeDriver was started successfully on port 14175.
Feb 05, 2025 12:41:26 PM org.openqa.selenium.remote.ProtocolHandshake createSession
INFO: Detected dialect: W3C
]]></system-err>
  </testcase>
  <testcase name="beforeMethod" classname="org.demoproj.OmayoCentre" time="0">
    <skipped/>
  </testcase>
  <testcase name="beforeMethod" classname="org.demoproj.OmayoCentre" time="0">
    <skipped/>
  </testcase>
  <testcase name="beforeMethod" classname="org.demoproj.OmayoCentre" time="0">
    <skipped/>
  </testcase>
  <testcase name="beforeMethod" classname="org.demoproj.OmayoCentre" time="0">
    <skipped/>
  </testcase>
  <testcase name="beforeMethod" classname="org.demoproj.OmayoCentre" time="0">
    <skipped/>
  </testcase>
  <testcase name="beforeMethod" classname="org.demoproj.OmayoCentre" time="0">
    <skipped/>
  </testcase>
  <testcase name="beforeMethod" classname="org.demoproj.OmayoCentre" time="0">
    <skipped/>
  </testcase>
  <testcase name="beforeMethod" classname="org.demoproj.OmayoCentre" time="0">
    <skipped/>
  </testcase>
  <testcase name="beforeMethod" classname="org.demoproj.OmayoCentre" time="0">
    <skipped/>
  </testcase>
  <testcase name="beforeMethod" classname="org.demoproj.OmayoCentre" time="0">
    <skipped/>
  </testcase>
  <testcase name="beforeMethod" classname="org.demoproj.OmayoCentre" time="0">
    <skipped/>
  </testcase>
  <testcase name="beforeMethod" classname="org.demoproj.OmayoCentre" time="0">
    <skipped/>
  </testcase>
  <testcase name="beforeMethod" classname="org.demoproj.OmayoCentre" time="0">
    <skipped/>
  </testcase>
  <testcase name="Test1" classname="org.demoproj.OmayoCentre" time="0">
    <skipped message="C:\Users\sasik\eclipse-workspace\TestNg16_10_projct\src	est\resources\Excelfile\Book1.xlsx (The filename, directory name, or volume label syntax is incorrect)"/>
  </testcase>
  <testcase name="afterMethod" classname="org.demoproj.OmayoCentre" time="0">
    <skipped/>
  </testcase>
  <testcase name="afterMethod" classname="org.demoproj.OmayoCentre" time="0">
    <skipped/>
  </testcase>
  <testcase name="afterMethod" classname="org.demoproj.OmayoCentre" time="0">
    <skipped/>
  </testcase>
  <testcase name="afterMethod" classname="org.demoproj.OmayoCentre" time="0">
    <skipped/>
  </testcase>
  <testcase name="afterMethod" classname="org.demoproj.OmayoCentre" time="0">
    <skipped/>
  </testcase>
  <testcase name="afterMethod" classname="org.demoproj.OmayoCentre" time="0">
    <skipped/>
  </testcase>
  <testcase name="afterMethod" classname="org.demoproj.OmayoCentre" time="0">
    <skipped/>
  </testcase>
  <testcase name="afterMethod" classname="org.demoproj.OmayoCentre" time="0">
    <skipped/>
  </testcase>
  <testcase name="afterMethod" classname="org.demoproj.OmayoCentre" time="0">
    <skipped/>
  </testcase>
  <testcase name="afterMethod" classname="org.demoproj.OmayoCentre" time="0">
    <skipped/>
  </testcase>
  <testcase name="afterMethod" classname="org.demoproj.OmayoCentre" time="0">
    <skipped/>
  </testcase>
  <testcase name="afterMethod" classname="org.demoproj.OmayoCentre" time="0">
    <skipped/>
  </testcase>
  <testcase name="afterMethod" classname="org.demoproj.OmayoCentre" time="0">
    <skipped/>
  </testcase>
  <testcase name="Test2" classname="org.demoproj.OmayoCentre" time="0">
    <skipped message="C:\Users\sasik\eclipse-workspace\TestNg16_10_projct\src	est\resources\Excelfile\Book1.xlsx (The filename, directory name, or volume label syntax is incorrect)"/>
  </testcase>
  <testcase name="Test3" classname="org.demoproj.OmayoCentre" time="0">
    <skipped message="C:\Users\sasik\eclipse-workspace\TestNg16_10_projct\src	est\resources\Excelfile\Book1.xlsx (The filename, directory name, or volume label syntax is incorrect)"/>
  </testcase>
  <testcase name="Test4" classname="org.demoproj.OmayoCentre" time="0">
    <skipped message="C:\Users\sasik\eclipse-workspace\TestNg16_10_projct\src	est\resources\Excelfile\Book1.xlsx (The filename, directory name, or volume label syntax is incorrect)"/>
  </testcase>
  <testcase name="Test4" classname="org.demoproj.OmayoCentre" time="0">
    <skipped message="C:\Users\sasik\eclipse-workspace\TestNg16_10_projct\src	est\resources\Excelfile\Book1.xlsx (The filename, directory name, or volume label syntax is incorrect)"/>
  </testcase>
  <testcase name="Test4" classname="org.demoproj.OmayoCentre" time="0">
    <skipped message="C:\Users\sasik\eclipse-workspace\TestNg16_10_projct\src	est\resources\Excelfile\Book1.xlsx (The filename, directory name, or volume label syntax is incorrect)"/>
  </testcase>
  <testcase name="Test4" classname="org.demoproj.OmayoCentre" time="0">
    <skipped message="C:\Users\sasik\eclipse-workspace\TestNg16_10_projct\src	est\resources\Excelfile\Book1.xlsx (The filename, directory name, or volume label syntax is incorrect)"/>
  </testcase>
  <testcase name="Test5" classname="org.demoproj.OmayoCentre" time="0">
    <skipped message="C:\Users\sasik\eclipse-workspace\TestNg16_10_projct\src	est\resources\Excelfile\Book1.xlsx (The filename, directory name, or volume label syntax is incorrect)"/>
  </testcase>
  <testcase name="Test5" classname="org.demoproj.OmayoCentre" time="0">
    <skipped message="C:\Users\sasik\eclipse-workspace\TestNg16_10_projct\src	est\resources\Excelfile\Book1.xlsx (The filename, directory name, or volume label syntax is incorrect)"/>
  </testcase>
  <testcase name="Test5" classname="org.demoproj.OmayoCentre" time="0">
    <skipped message="C:\Users\sasik\eclipse-workspace\TestNg16_10_projct\src	est\resources\Excelfile\Book1.xlsx (The filename, directory name, or volume label syntax is incorrect)"/>
  </testcase>
  <testcase name="Test5" classname="org.demoproj.OmayoCentre" time="0">
    <skipped message="C:\Users\sasik\eclipse-workspace\TestNg16_10_projct\src	est\resources\Excelfile\Book1.xlsx (The filename, directory name, or volume label syntax is incorrect)"/>
  </testcase>
  <testcase name="Test6" classname="org.demoproj.OmayoCentre" time="0">
    <skipped message="C:\Users\sasik\eclipse-workspace\TestNg16_10_projct\src	est\resources\Excelfile\Book1.xlsx (The filename, directory name, or volume label syntax is incorrect)"/>
  </testcase>
  <testcase name="Test7" classname="org.demoproj.OmayoCentre" time="0">
    <skipped message="C:\Users\sasik\eclipse-workspace\TestNg16_10_projct\src	est\resources\Excelfile\Book1.xlsx (The filename, directory name, or volume label syntax is incorrect)"/>
  </testcase>
  <testcase name="afterClass" classname="org.demoproj.OmayoCentre" time="0">
    <skipped/>
  </testcase>
  <testcase name="beforeClass" classname="org.demoproj.OmayoLeft" time="7.662">
    <failure message="C:\Users\sasik\eclipse-workspace\TestNg16_10_projct\src	est\resources\Excelfile\Book1.xlsx (The filename, directory name, or volume label syntax is incorrect)" type="java.io.FileNotFoundException">java.io.FileNotFoundException: C:\Users\sasik\eclipse-workspace\TestNg16_10_projct\src	est\resources\Excelfile\Book1.xlsx (The filename, directory name, or volume label syntax is incorrect)
	at org.demoproj.OmayoLeft.beforeClass(OmayoLeft.java:20)
</failure>
    <system-err><![CDATA[Starting ChromeDriver 132.0.6834.159 (2d77d3fc4452661469b78f115e0aed4d71269739-refs/branch-heads/6834@{#4408}) on port 32009
Only local connections are allowed.
Please see https://chromedriver.chromium.org/security-considerations for suggestions on keeping ChromeDriver safe.
ChromeDriver was started successfully on port 32009.
Feb 05, 2025 12:41:28 PM org.openqa.selenium.remote.ProtocolHandshake createSession
INFO: Detected dialect: W3C
]]></system-err>
  </testcase>
  <testcase name="beforeMethod" classname="org.demoproj.OmayoLeft" time="0">
    <skipped/>
  </testcase>
  <testcase name="beforeMethod" classname="org.demoproj.OmayoLeft" time="0">
    <skipped/>
  </testcase>
  <testcase name="beforeMethod" classname="org.demoproj.OmayoLeft" time="0">
    <skipped/>
  </testcase>
  <testcase name="beforeMethod" classname="org.demoproj.OmayoLeft" time="0">
    <skipped/>
  </testcase>
  <testcase name="beforeMethod" classname="org.demoproj.OmayoLeft" time="0">
    <skipped/>
  </testcase>
  <testcase name="Test1" classname="org.demoproj.OmayoLeft" time="0">
    <skipped message="C:\Users\sasik\eclipse-workspace\TestNg16_10_projct\src	est\resources\Excelfile\Book1.xlsx (The filename, directory name, or volume label syntax is incorrect)"/>
  </testcase>
  <testcase name="afterMethod" classname="org.demoproj.OmayoLeft" time="0">
    <skipped/>
  </testcase>
  <testcase name="afterMethod" classname="org.demoproj.OmayoLeft" time="0">
    <skipped/>
  </testcase>
  <testcase name="afterMethod" classname="org.demoproj.OmayoLeft" time="0">
    <skipped/>
  </testcase>
  <testcase name="afterMethod" classname="org.demoproj.OmayoLeft" time="0">
    <skipped/>
  </testcase>
  <testcase name="afterMethod" classname="org.demoproj.OmayoLeft" time="0">
    <skipped/>
  </testcase>
  <testcase name="Test2" classname="org.demoproj.OmayoLeft" time="0">
    <skipped message="C:\Users\sasik\eclipse-workspace\TestNg16_10_projct\src	est\resources\Excelfile\Book1.xlsx (The filename, directory name, or volume label syntax is incorrect)"/>
  </testcase>
  <testcase name="Test3" classname="org.demoproj.OmayoLeft" time="0">
    <skipped message="C:\Users\sasik\eclipse-workspace\TestNg16_10_projct\src	est\resources\Excelfile\Book1.xlsx (The filename, directory name, or volume label syntax is incorrect)"/>
  </testcase>
  <testcase name="Test4" classname="org.demoproj.OmayoLeft" time="0">
    <skipped message="C:\Users\sasik\eclipse-workspace\TestNg16_10_projct\src	est\resources\Excelfile\Book1.xlsx (The filename, directory name, or volume label syntax is incorrect)"/>
  </testcase>
  <testcase name="Test5" classname="org.demoproj.OmayoLeft" time="0">
    <skipped message="C:\Users\sasik\eclipse-workspace\TestNg16_10_projct\src	est\resources\Excelfile\Book1.xlsx (The filename, directory name, or volume label syntax is incorrect)"/>
  </testcase>
  <testcase name="afterClass" classname="org.demoproj.OmayoLeft" time="0">
    <skipped/>
  </testcase>
</testsuite>