<?xml version="1.0" encoding="UTF-8"?>
<!-- Generated by org.testng.reporters.JUnitReportReporter -->
<testsuite skipped="0" hostname="sasi" name="org.demoproj.OmayoLeft" tests="5" failures="0" timestamp="05 Feb 2025 06:20:51 GMT" time="39.832" errors="0">
  <testcase name="Test1" time="0.669" classname="org.demoproj.OmayoLeft"/>
  <testcase name="Test5" time="0.185" classname="org.demoproj.OmayoLeft"/>
  <testcase name="Test2" time="0.235" classname="org.demoproj.OmayoLeft"/>
  <testcase name="Test3" time="26.528" classname="org.demoproj.OmayoLeft"/>
  <testcase name="Test4" time="12.215" classname="org.demoproj.OmayoLeft"/>
</testsuite> <!-- org.demoproj.OmayoLeft -->
