<?xml version="1.0" encoding="UTF-8"?>
<!-- Generated by org.testng.reporters.JUnitReportReporter -->
<testsuite skipped="0" hostname="sasi" name="org.demoproj.OmayoRight" tests="10" failures="0" timestamp="26 Jan 2025 12:34:10 GMT" time="59.273" errors="0">
  <testcase name="Test1" time="0.712" classname="org.demoproj.OmayoRight"/>
  <testcase name="Test4" time="0.202" classname="org.demoproj.OmayoRight"/>
  <testcase name="Test2" time="4.516" classname="org.demoproj.OmayoRight"/>
  <testcase name="Test12" time="39.057" classname="org.demoproj.OmayoRight"/>
  <testcase name="Test5" time="0.375" classname="org.demoproj.OmayoRight"/>
  <testcase name="Test3" time="0.162" classname="org.demoproj.OmayoRight"/>
  <testcase name="Test9" time="0.524" classname="org.demoproj.OmayoRight"/>
  <testcase name="Test6" time="13.247" classname="org.demoproj.OmayoRight"/>
  <testcase name="Test8" time="0.238" classname="org.demoproj.OmayoRight"/>
  <testcase name="Test7" time="0.240" classname="org.demoproj.OmayoRight"/>
</testsuite> <!-- org.demoproj.OmayoRight -->
