<?xml version="1.0" encoding="UTF-8"?>
<!-- Generated by org.testng.reporters.JUnitReportReporter -->
<testsuite skipped="0" hostname="sasi" name="org.demoproj.OmayoRight" tests="10" failures="0" timestamp="05 Feb 2025 06:20:51 GMT" time="49.816" errors="0">
  <testcase name="Test1" time="0.468" classname="org.demoproj.OmayoRight"/>
  <testcase name="Test4" time="0.308" classname="org.demoproj.OmayoRight"/>
  <testcase name="Test2" time="0.662" classname="org.demoproj.OmayoRight"/>
  <testcase name="Test12" time="33.111" classname="org.demoproj.OmayoRight"/>
  <testcase name="Test5" time="0.304" classname="org.demoproj.OmayoRight"/>
  <testcase name="Test3" time="1.054" classname="org.demoproj.OmayoRight"/>
  <testcase name="Test9" time="0.330" classname="org.demoproj.OmayoRight"/>
  <testcase name="Test6" time="13.237" classname="org.demoproj.OmayoRight"/>
  <testcase name="Test8" time="0.186" classname="org.demoproj.OmayoRight"/>
  <testcase name="Test7" time="0.156" classname="org.demoproj.OmayoRight"/>
</testsuite> <!-- org.demoproj.OmayoRight -->
