<?xml version="1.0" encoding="UTF-8"?>
<!-- Generated by org.testng.reporters.JUnitReportReporter -->
<testsuite skipped="0" hostname="sasi" name="org.demoproj.OmayoCentre" tests="13" failures="0" timestamp="26 Jan 2025 12:34:10 GMT" time="13.865" errors="0">
  <testcase name="Test2" time="0.181" classname="org.demoproj.OmayoCentre"/>
  <testcase name="Test4" time="0.638" classname="org.demoproj.OmayoCentre"/>
  <testcase name="Test3" time="0.177" classname="org.demoproj.OmayoCentre"/>
  <testcase name="Test1" time="0.679" classname="org.demoproj.OmayoCentre"/>
  <testcase name="Test4" time="0.599" classname="org.demoproj.OmayoCentre"/>
  <testcase name="Test5" time="0.598" classname="org.demoproj.OmayoCentre"/>
  <testcase name="Test6" time="0.226" classname="org.demoproj.OmayoCentre"/>
  <testcase name="Test7" time="7.412" classname="org.demoproj.OmayoCentre"/>
  <testcase name="Test5" time="0.655" classname="org.demoproj.OmayoCentre"/>
  <testcase name="Test5" time="0.662" classname="org.demoproj.OmayoCentre"/>
  <testcase name="Test4" time="0.848" classname="org.demoproj.OmayoCentre"/>
  <testcase name="Test5" time="0.585" classname="org.demoproj.OmayoCentre"/>
  <testcase name="Test4" time="0.605" classname="org.demoproj.OmayoCentre"/>
</testsuite> <!-- org.demoproj.OmayoCentre -->
