<?xml version="1.0" encoding="UTF-8"?>
<!-- Generated by org.testng.reporters.JUnitReportReporter -->
<testsuite skipped="0" hostname="sasi" name="org.demoproj.OmayoCentre" tests="13" failures="0" timestamp="05 Feb 2025 06:20:51 GMT" time="10.764" errors="0">
  <testcase name="Test2" time="0.152" classname="org.demoproj.OmayoCentre"/>
  <testcase name="Test4" time="0.436" classname="org.demoproj.OmayoCentre"/>
  <testcase name="Test3" time="0.078" classname="org.demoproj.OmayoCentre"/>
  <testcase name="Test1" time="0.614" classname="org.demoproj.OmayoCentre"/>
  <testcase name="Test4" time="0.462" classname="org.demoproj.OmayoCentre"/>
  <testcase name="Test5" time="0.487" classname="org.demoproj.OmayoCentre"/>
  <testcase name="Test6" time="0.199" classname="org.demoproj.OmayoCentre"/>
  <testcase name="Test7" time="5.701" classname="org.demoproj.OmayoCentre"/>
  <testcase name="Test5" time="0.436" classname="org.demoproj.OmayoCentre"/>
  <testcase name="Test5" time="0.601" classname="org.demoproj.OmayoCentre"/>
  <testcase name="Test4" time="0.739" classname="org.demoproj.OmayoCentre"/>
  <testcase name="Test5" time="0.457" classname="org.demoproj.OmayoCentre"/>
  <testcase name="Test4" time="0.402" classname="org.demoproj.OmayoCentre"/>
</testsuite> <!-- org.demoproj.OmayoCentre -->
