<?xml version="1.0" encoding="UTF-8"?>
<!-- Generated by org.testng.reporters.JUnitReportReporter -->
<testsuite skipped="0" hostname="sasi" name="org.demoproj.LeetCodeLogin" tests="1" failures="0" timestamp="31 Jan 2025 04:05:11 GMT" time="18.707" errors="0">
  <testcase name="Test1" time="18.707" classname="org.demoproj.LeetCodeLogin"/>
</testsuite> <!-- org.demoproj.LeetCodeLogin -->
