<?xml version="1.0" encoding="UTF-8"?>
<!-- Generated by org.testng.reporters.JUnitReportReporter -->
<testsuite skipped="0" hostname="sasi" name="org.demoproj.OmayoLeft" tests="5" failures="0" timestamp="26 Jan 2025 12:34:10 GMT" time="40.130" errors="0">
  <testcase name="Test1" time="0.480" classname="org.demoproj.OmayoLeft"/>
  <testcase name="Test2" time="0.247" classname="org.demoproj.OmayoLeft"/>
  <testcase name="Test3" time="26.789" classname="org.demoproj.OmayoLeft"/>
  <testcase name="Test5" time="0.246" classname="org.demoproj.OmayoLeft"/>
  <testcase name="Test4" time="12.368" classname="org.demoproj.OmayoLeft"/>
</testsuite> <!-- org.demoproj.OmayoLeft -->
