<?xml version="1.0" encoding="UTF-8"?>
<!-- Generated by org.testng.reporters.JUnitReportReporter -->
<testsuite skipped="0" hostname="sasi" name="org.demoproj.Demo" tests="1" failures="0" timestamp="25 Jan 2025 10:50:48 GMT" time="11.711" errors="0">
  <testcase name="test1" time="11.711" classname="org.demoproj.Demo"/>
</testsuite> <!-- org.demoproj.Demo -->
