<?xml version="1.0" encoding="UTF-8"?>
<!-- Generated by org.testng.reporters.JUnitReportReporter -->
<testsuite skipped="0" hostname="sasi" name="org.demoproj.OmayoCentre" tests="13" failures="0" timestamp="05 Feb 2025 06:28:29 GMT" time="9.850" errors="0">
  <testcase name="Test5" time="0.491" classname="org.demoproj.OmayoCentre"/>
  <testcase name="Test7" time="4.708" classname="org.demoproj.OmayoCentre"/>
  <testcase name="Test4" time="0.775" classname="org.demoproj.OmayoCentre"/>
  <testcase name="Test2" time="0.147" classname="org.demoproj.OmayoCentre"/>
  <testcase name="Test4" time="0.454" classname="org.demoproj.OmayoCentre"/>
  <testcase name="Test5" time="0.435" classname="org.demoproj.OmayoCentre"/>
  <testcase name="Test5" time="0.532" classname="org.demoproj.OmayoCentre"/>
  <testcase name="Test6" time="0.124" classname="org.demoproj.OmayoCentre"/>
  <testcase name="Test5" time="0.443" classname="org.demoproj.OmayoCentre"/>
  <testcase name="Test4" time="0.397" classname="org.demoproj.OmayoCentre"/>
  <testcase name="Test3" time="0.145" classname="org.demoproj.OmayoCentre"/>
  <testcase name="Test1" time="0.745" classname="org.demoproj.OmayoCentre"/>
  <testcase name="Test4" time="0.454" classname="org.demoproj.OmayoCentre"/>
</testsuite> <!-- org.demoproj.OmayoCentre -->
