<?xml version="1.0" encoding="UTF-8"?>
<!-- Generated by org.testng.reporters.JUnitReportReporter -->
<testsuite skipped="0" hostname="sasi" name="org.demoproj.OmayoRight" tests="10" failures="0" timestamp="05 Feb 2025 06:28:29 GMT" time="58.446" errors="0">
  <testcase name="Test2" time="6.692" classname="org.demoproj.OmayoRight"/>
  <testcase name="Test8" time="0.261" classname="org.demoproj.OmayoRight"/>
  <testcase name="Test7" time="0.215" classname="org.demoproj.OmayoRight"/>
  <testcase name="Test12" time="36.401" classname="org.demoproj.OmayoRight"/>
  <testcase name="Test5" time="0.367" classname="org.demoproj.OmayoRight"/>
  <testcase name="Test4" time="0.141" classname="org.demoproj.OmayoRight"/>
  <testcase name="Test3" time="0.168" classname="org.demoproj.OmayoRight"/>
  <testcase name="Test1" time="0.672" classname="org.demoproj.OmayoRight"/>
  <testcase name="Test9" time="0.312" classname="org.demoproj.OmayoRight"/>
  <testcase name="Test6" time="13.217" classname="org.demoproj.OmayoRight"/>
</testsuite> <!-- org.demoproj.OmayoRight -->
