<?xml version="1.0" encoding="UTF-8"?>
<!-- Generated by org.testng.reporters.JUnitReportReporter -->
<testsuite skipped="0" hostname="sasi" name="org.demoproj.OmayoRight" tests="10" failures="0" timestamp="05 Feb 2025 07:16:49 GMT" time="66.631" errors="0">
  <testcase name="Test2" time="0.843" classname="org.demoproj.OmayoRight"/>
  <testcase name="Test8" time="0.181" classname="org.demoproj.OmayoRight"/>
  <testcase name="Test7" time="0.218" classname="org.demoproj.OmayoRight"/>
  <testcase name="Test12" time="47.905" classname="org.demoproj.OmayoRight"/>
  <testcase name="Test5" time="0.319" classname="org.demoproj.OmayoRight"/>
  <testcase name="Test4" time="0.229" classname="org.demoproj.OmayoRight"/>
  <testcase name="Test3" time="2.899" classname="org.demoproj.OmayoRight"/>
  <testcase name="Test1" time="0.515" classname="org.demoproj.OmayoRight"/>
  <testcase name="Test9" time="0.293" classname="org.demoproj.OmayoRight"/>
  <testcase name="Test6" time="13.229" classname="org.demoproj.OmayoRight"/>
</testsuite> <!-- org.demoproj.OmayoRight -->
