<?xml version="1.0" encoding="UTF-8"?>
<!-- Generated by org.testng.reporters.JUnitReportReporter -->
<testsuite skipped="0" hostname="sasi" name="org.demoproj.OmayoLeft" tests="5" failures="0" timestamp="05 Feb 2025 07:16:49 GMT" time="39.563" errors="0">
  <testcase name="Test2" time="0.135" classname="org.demoproj.OmayoLeft"/>
  <testcase name="Test3" time="26.499" classname="org.demoproj.OmayoLeft"/>
  <testcase name="Test4" time="12.275" classname="org.demoproj.OmayoLeft"/>
  <testcase name="Test1" time="0.436" classname="org.demoproj.OmayoLeft"/>
  <testcase name="Test5" time="0.218" classname="org.demoproj.OmayoLeft"/>
</testsuite> <!-- org.demoproj.OmayoLeft -->
