<?xml version="1.0" encoding="UTF-8"?>
<!-- Generated by org.testng.reporters.JUnitReportReporter -->
<testsuite skipped="0" hostname="sasi" name="org.demoproj.OmayoCentre" tests="13" failures="0" timestamp="05 Feb 2025 07:16:49 GMT" time="13.074" errors="0">
  <testcase name="Test5" time="0.526" classname="org.demoproj.OmayoCentre"/>
  <testcase name="Test7" time="7.861" classname="org.demoproj.OmayoCentre"/>
  <testcase name="Test4" time="0.734" classname="org.demoproj.OmayoCentre"/>
  <testcase name="Test2" time="0.131" classname="org.demoproj.OmayoCentre"/>
  <testcase name="Test4" time="0.420" classname="org.demoproj.OmayoCentre"/>
  <testcase name="Test5" time="0.507" classname="org.demoproj.OmayoCentre"/>
  <testcase name="Test5" time="0.507" classname="org.demoproj.OmayoCentre"/>
  <testcase name="Test6" time="0.179" classname="org.demoproj.OmayoCentre"/>
  <testcase name="Test5" time="0.505" classname="org.demoproj.OmayoCentre"/>
  <testcase name="Test4" time="0.390" classname="org.demoproj.OmayoCentre"/>
  <testcase name="Test3" time="0.124" classname="org.demoproj.OmayoCentre"/>
  <testcase name="Test1" time="0.743" classname="org.demoproj.OmayoCentre"/>
  <testcase name="Test4" time="0.447" classname="org.demoproj.OmayoCentre"/>
</testsuite> <!-- org.demoproj.OmayoCentre -->
